<?xml version="1.0" encoding="UTF-8"?>
<testsuite xmlns:xsi="http://www.w3.org/2001/XMLSchema-instance" xsi:noNamespaceSchemaLocation="https://maven.apache.org/surefire/maven-surefire-plugin/xsd/surefire-test-report-3.0.xsd" version="3.0" name="com.github.qy.dockerdashboardserver.DockerDashboardServerApplicationTests" time="4.153" tests="1" errors="0" skipped="0" failures="0">
  <properties>
[...]
</properties>
  <testcase name="contextLoads" classname="com.github.qy.dockerdashboardserver.DockerDashboardServerApplicationTests" time="0.234">
    <system-out><![CDATA[20:13:21.429 [main] DEBUG org.springframework.test.context.BootstrapUtils - Instantiating CacheAwareContextLoaderDelegate from class [org.springframework.test.context.cache.DefaultCacheAwareContextLoaderDelegate]
20:13:21.446 [main] DEBUG org.springframework.test.context.BootstrapUtils - Instantiating BootstrapContext using constructor [public org.springframework.test.context.support.DefaultBootstrapContext(java.lang.Class,org.springframework.test.context.CacheAwareContextLoaderDelegate)]
20:13:21.485 [main] DEBUG org.springframework.test.context.BootstrapUtils - Instantiating TestContextBootstrapper for test class [com.github.qy.dockerdashboardserver.DockerDashboardServerApplicationTests] from class [org.springframework.boot.test.context.SpringBootTestContextBootstrapper]
20:13:21.504 [main] INFO org.springframework.boot.test.context.SpringBootTestContextBootstrapper - Neither @ContextConfiguration nor @ContextHierarchy found for test class [com.github.qy.dockerdashboardserver.DockerDashboardServerApplicationTests], using SpringBootContextLoader
20:13:21.508 [main] DEBUG org.springframework.test.context.support.AbstractContextLoader - Did not detect default resource location for test class [com.github.qy.dockerdashboardserver.DockerDashboardServerApplicationTests]: class path resource [com/github/qy/dockerdashboardserver/DockerDashboardServerApplicationTests-context.xml] does not exist
20:13:21.509 [main] DEBUG org.springframework.test.context.support.AbstractContextLoader - Did not detect default resource location for test class [com.github.qy.dockerdashboardserver.DockerDashboardServerApplicationTests]: class path resource [com/github/qy/dockerdashboardserver/DockerDashboardServerApplicationTestsContext.groovy] does not exist
20:13:21.509 [main] INFO org.springframework.test.context.support.AbstractContextLoader - Could not detect default resource locations for test class [com.github.qy.dockerdashboardserver.DockerDashboardServerApplicationTests]: no resource found for suffixes {-context.xml, Context.groovy}.
20:13:21.509 [main] INFO org.springframework.test.context.support.AnnotationConfigContextLoaderUtils - Could not detect default configuration classes for test class [com.github.qy.dockerdashboardserver.DockerDashboardServerApplicationTests]: DockerDashboardServerApplicationTests does not declare any static, non-private, non-final, nested classes annotated with @Configuration.
20:13:21.570 [main] DEBUG org.springframework.test.context.support.ActiveProfilesUtils - Could not find an 'annotation declaring class' for annotation type [org.springframework.test.context.ActiveProfiles] and class [com.github.qy.dockerdashboardserver.DockerDashboardServerApplicationTests]
20:13:21.670 [main] DEBUG org.springframework.context.annotation.ClassPathScanningCandidateComponentProvider - Identified candidate component class: file [E:\TestSoftWare\Higher_JS\docker-dashboard\docker-dashboard-server\target\classes\com\github\qy\dockerdashboardserver\DockerDashboardServerApplication.class]
20:13:21.673 [main] INFO org.springframework.boot.test.context.SpringBootTestContextBootstrapper - Found @SpringBootConfiguration com.github.qy.dockerdashboardserver.DockerDashboardServerApplication for test class com.github.qy.dockerdashboardserver.DockerDashboardServerApplicationTests
20:13:21.789 [main] DEBUG org.springframework.boot.test.context.SpringBootTestContextBootstrapper - @TestExecutionListeners is not present for class [com.github.qy.dockerdashboardserver.DockerDashboardServerApplicationTests]: using defaults.
20:13:21.790 [main] INFO org.springframework.boot.test.context.SpringBootTestContextBootstrapper - Loaded default TestExecutionListener class names from location [META-INF/spring.factories]: [org.springframework.boot.test.mock.mockito.MockitoTestExecutionListener, org.springframework.boot.test.mock.mockito.ResetMocksTestExecutionListener, org.springframework.boot.test.autoconfigure.restdocs.RestDocsTestExecutionListener, org.springframework.boot.test.autoconfigure.web.client.MockRestServiceServerResetTestExecutionListener, org.springframework.boot.test.autoconfigure.web.servlet.MockMvcPrintOnlyOnFailureTestExecutionListener, org.springframework.boot.test.autoconfigure.web.servlet.WebDriverTestExecutionListener, org.springframework.boot.test.autoconfigure.webservices.client.MockWebServiceServerTestExecutionListener, org.springframework.test.context.web.ServletTestExecutionListener, org.springframework.test.context.support.DirtiesContextBeforeModesTestExecutionListener, org.springframework.test.context.event.ApplicationEventsTestExecutionListener, org.springframework.test.context.support.DependencyInjectionTestExecutionListener, org.springframework.test.context.support.DirtiesContextTestExecutionListener, org.springframework.test.context.transaction.TransactionalTestExecutionListener, org.springframework.test.context.jdbc.SqlScriptsTestExecutionListener, org.springframework.test.context.event.EventPublishingTestExecutionListener]
20:13:21.801 [main] DEBUG org.springframework.boot.test.context.SpringBootTestContextBootstrapper - Skipping candidate TestExecutionListener [org.springframework.test.context.transaction.TransactionalTestExecutionListener] due to a missing dependency. Specify custom listener classes or make the default listener classes and their required dependencies available. Offending class: [org/springframework/transaction/interceptor/TransactionAttributeSource]
20:13:21.801 [main] DEBUG org.springframework.boot.test.context.SpringBootTestContextBootstrapper - Skipping candidate TestExecutionListener [org.springframework.test.context.jdbc.SqlScriptsTestExecutionListener] due to a missing dependency. Specify custom listener classes or make the default listener classes and their required dependencies available. Offending class: [org/springframework/transaction/interceptor/TransactionAttribute]
20:13:21.802 [main] INFO org.springframework.boot.test.context.SpringBootTestContextBootstrapper - Using TestExecutionListeners: [org.springframework.test.context.web.ServletTestExecutionListener@3e7dd664, org.springframework.test.context.support.DirtiesContextBeforeModesTestExecutionListener@5b1ebf56, org.springframework.test.context.event.ApplicationEventsTestExecutionListener@294a6b8e, org.springframework.boot.test.mock.mockito.MockitoTestExecutionListener@4b1d6571, org.springframework.boot.test.autoconfigure.SpringBootDependencyInjectionTestExecutionListener@1b835480, org.springframework.test.context.support.DirtiesContextTestExecutionListener@3549bca9, org.springframework.test.context.event.EventPublishingTestExecutionListener@4f25b795, org.springframework.boot.test.mock.mockito.ResetMocksTestExecutionListener@6fb365ed, org.springframework.boot.test.autoconfigure.restdocs.RestDocsTestExecutionListener@6e950bcf, org.springframework.boot.test.autoconfigure.web.client.MockRestServiceServerResetTestExecutionListener@16414e40, org.springframework.boot.test.autoconfigure.web.servlet.MockMvcPrintOnlyOnFailureTestExecutionListener@74bada02, org.springframework.boot.test.autoconfigure.web.servlet.WebDriverTestExecutionListener@525575, org.springframework.boot.test.autoconfigure.webservices.client.MockWebServiceServerTestExecutionListener@46dffdc3]
20:13:21.806 [main] DEBUG org.springframework.test.context.support.AbstractDirtiesContextTestExecutionListener - Before test class: context [DefaultTestContext@3a12c404 testClass = DockerDashboardServerApplicationTests, testInstance = [null], testMethod = [null], testException = [null], mergedContextConfiguration = [WebMergedContextConfiguration@1941a8ff testClass = DockerDashboardServerApplicationTests, locations = '{}', classes = '{class com.github.qy.dockerdashboardserver.DockerDashboardServerApplication}', contextInitializerClasses = '[]', activeProfiles = '{}', propertySourceLocations = '{}', propertySourceProperties = '{org.springframework.boot.test.context.SpringBootTestContextBootstrapper=true}', contextCustomizers = set[org.springframework.boot.test.context.filter.ExcludeFilterContextCustomizer@6caf0677, org.springframework.boot.test.json.DuplicateJsonObjectContextCustomizerFactory$DuplicateJsonObjectContextCustomizer@273444fe, org.springframework.boot.test.mock.mockito.MockitoContextCustomizer@0, org.springframework.boot.test.web.client.TestRestTemplateContextCustomizer@7c137fd5, org.springframework.boot.test.autoconfigure.actuate.metrics.MetricsExportContextCustomizerFactory$DisableMetricExportContextCustomizer@70ed52de, org.springframework.boot.test.autoconfigure.properties.PropertyMappingContextCustomizer@0, org.springframework.boot.test.autoconfigure.web.servlet.WebDriverContextCustomizerFactory$Customizer@304bb45b, org.springframework.boot.test.context.SpringBootTestArgs@1, org.springframework.boot.test.context.SpringBootTestWebEnvironment@6c3f5566], resourceBasePath = 'src/main/webapp', contextLoader = 'org.springframework.boot.test.context.SpringBootContextLoader', parent = [null]], attributes = map['org.springframework.test.context.web.ServletTestExecutionListener.activateListener' -> true]], class annotated with @DirtiesContext [false] with mode [null].

  .   ____          _            __ _ _
 /\\ / ___'_ __ _ _(_)_ __  __ _ \ \ \ \
( ( )\___ | '_ | '_| | '_ \/ _` | \ \ \ \
 \\/  ___)| |_)| | | | | || (_| |  ) ) ) )
  '  |____| .__|_| |_|_| |_\__, | / / / /
 =========|_|==============|___/=/_/_/_/
 :: Spring Boot ::               (v2.6.13)

2025-05-08 20:13:22.161  INFO 4004 --- [           main] .d.DockerDashboardServerApplicationTests : Starting DockerDashboardServerApplicationTests using Java 19.0.2 on PC-20220818QFGP with PID 4004 (started by Administrator in E:\TestSoftWare\Higher_JS\docker-dashboard\docker-dashboard-server)
2025-05-08 20:13:22.162  INFO 4004 --- [           main] .d.DockerDashboardServerApplicationTests : No active profile set, falling back to 1 default profile: "default"
2025-05-08 20:13:24.070  INFO 4004 --- [           main] o.s.b.a.w.s.WelcomePageHandlerMapping    : Adding welcome page: class path resource [static/index.html]
2025-05-08 20:13:24.596  INFO 4004 --- [           main] .d.DockerDashboardServerApplicationTests : Started DockerDashboardServerApplicationTests in 2.739 seconds (JVM running for 3.82)
                                     ██                ██ ██                    ██              ██                  ██                   
 ██████                             ░██               ░██░░                    ░██             ░██                 ░██                   
░██░░░██  ██████   ███████   █████  ░██        █████  ░██ ██  █████  ███████  ██████           ░██  ██████   █████ ░██  ██  █████  ██████
░██  ░██ ░░░░░░██ ░░██░░░██ ██░░░██ ░██ █████ ██░░░██ ░██░██ ██░░░██░░██░░░██░░░██░  █████  ██████ ██░░░░██ ██░░░██░██ ██  ██░░░██░░██░░█
░██████   ███████  ░██  ░██░███████ ░██░░░░░ ░██  ░░  ░██░██░███████ ░██  ░██  ░██  ░░░░░  ██░░░██░██   ░██░██  ░░ ░████  ░███████ ░██ ░ 
░██░░░   ██░░░░██  ░██  ░██░██░░░░  ░██      ░██   ██ ░██░██░██░░░░  ░██  ░██  ░██        ░██  ░██░██   ░██░██   ██░██░██ ░██░░░░  ░██   
░██     ░░████████ ███  ░██░░██████ ███      ░░█████  ███░██░░██████ ███  ░██  ░░██       ░░██████░░██████ ░░█████ ░██░░██░░██████░███   
░░       ░░░░░░░░ ░░░   ░░  ░░░░░░ ░░░        ░░░░░  ░░░ ░░  ░░░░░░ ░░░   ░░    ░░         ░░░░░░  ░░░░░░   ░░░░░  ░░  ░░  ░░░░░░ ░░░    

2025-05-08 20:13:25.254  INFO 4004 --- [           main] c.g.q.d.DockerDashboardServerApplication : docker info:Info(architecture=x86_64, containers=0, containersStopped=0, containersPaused=0, containersRunning=0, cpuCfsPeriod=true, cpuCfsQuota=true, cpuShares=true, cpuSet=true, debug=false, discoveryBackend=null, dockerRootDir=/var/lib/docker, driver=overlay2, driverStatuses=[[Backing Filesystem, extfs], [Supports d_type, true], [Using metacopy, false], [Native Overlay Diff, true], [userxattr, false]], systemStatus=null, plugins={Volume=[local], Network=[bridge, host, ipvlan, macvlan, null, overlay], Authorization=null, Log=[awslogs, fluentd, gcplogs, gelf, journald, json-file, local, splunk, syslog]}, executionDriver=null, loggingDriver=json-file, experimentalBuild=false, httpProxy=, httpsProxy=, id=78e9b084-9c21-4c10-8ecb-01b323cc63df, ipv4Forwarding=true, bridgeNfIptables=true, bridgeNfIp6tables=true, images=22, indexServerAddress=https://index.docker.io/v1/, initPath=null, initSha1=null, kernelVersion=4.18.0-348.7.1.el8_5.x86_64, labels=[], memoryLimit=true, memTotal=1904758784, name=k8s-worker-node2, ncpu=2, nEventsListener=0, nfd=27, nGoroutines=41, noProxy=, oomKillDisable=true, osType=linux, oomScoreAdj=null, operatingSystem=CentOS Linux 8, registryConfig=InfoRegistryConfig(indexConfigs={docker.io=InfoRegistryConfig.IndexConfig(mirrors=[], name=docker.io, official=true, secure=true)}, insecureRegistryCIDRs=[127.0.0.0/8], mirrors=null), sockets=null, swapLimit=true, systemTime=2025-05-08T20:13:25.735592972+08:00, serverVersion=26.1.3, clusterStore=null, clusterAdvertise=null, swarm=SwarmInfo(nodeID=, nodeAddr=, localNodeState=INACTIVE, controlAvailable=false, error=, remoteManagers=null, nodes=null, managers=null, clusterInfo=null), isolation=, securityOptions=[name=seccomp,profile=builtin], runtimes={io.containerd.runc.v2=RuntimeInfo(path=runc), runc=RuntimeInfo(path=runc)})
2025-05-08 20:13:25.256  INFO 4004 --- [           main] c.g.q.d.DockerDashboardServerApplication : docker version:Version(apiVersion=1.45, arch=amd64, gitCommit=8e96db1, goVersion=go1.21.10, kernelVersion=4.18.0-348.7.1.el8_5.x86_64, operatingSystem=linux, version=26.1.3, buildTime=2024-05-16T08:33:34.000000000+00:00, experimental=null, minAPIVersion=1.24, platform=VersionPlatform(name=Docker Engine - Community), components=[VersionComponent(details={ApiVersion=1.45, Arch=amd64, BuildTime=2024-05-16T08:33:34.000000000+00:00, Experimental=false, GitCommit=8e96db1, GoVersion=go1.21.10, KernelVersion=4.18.0-348.7.1.el8_5.x86_64, MinAPIVersion=1.24, Os=linux}, name=Engine, version=26.1.3), VersionComponent(details={GitCommit=8b3b7ca2e5ce38e8f31a34f35b2b68ceb8470d89}, name=containerd, version=1.6.32), VersionComponent(details={GitCommit=v1.1.12-0-g51d5e94}, name=runc, version=1.1.12), VersionComponent(details={GitCommit=de40ad0}, name=docker-init, version=0.19.0)])
]]></system-out>
  </testcase>
</testsuite>